
22/12/06 19:59:05: Peer [1004] received the 'not interested' message from [1001].

22/12/06 19:59:05: Peer [1004] received the 'not interested' message from [1002].

22/12/06 19:59:05: Peer [1004] received the 'not interested' message from [1003].
22/12/06 19:59:05: Peer [1004] received 'have' message from [1001] for the piece: 7.
22/12/06 19:59:09: Peer [1004] is unchoked by [1001].
22/12/06 19:59:09: Peer [1004] has downloaded the piece 7 from [1001]. Now the number of pieces it has is : 1.
22/12/06 19:59:09: Peer [1004] received the 'not interested' message from [1002].

22/12/06 19:59:09: Peer [1004] received the 'interested' message from [1003].
22/12/06 19:59:09: Peer [1004] has downloaded the piece 9 from [1001]. Now the number of pieces it has is : 2.
22/12/06 19:59:09: Peer [1004] received the 'not interested' message from [1001].
22/12/06 19:59:09: Peer [1004] received the 'not interested' message from [1002].
22/12/06 19:59:09: Peer [1004] has downloaded the piece 3 from [1001]. Now the number of pieces it has is : 3.
22/12/06 19:59:09: Peer [1004] received 'have' message from [1003] for the piece: 7.
22/12/06 19:59:09: Peer [1004] received the 'interested' message from [1003].
22/12/06 19:59:09: Peer [1004] received the 'not interested' message from [1002].
22/12/06 19:59:09: Peer [1004] received the 'not interested' message from [1001].
22/12/06 19:59:09: Peer [1004] received the 'interested' message from [1003].
22/12/06 19:59:09: Peer [1004] received the 'not interested' message from [1001].
22/12/06 19:59:10: Peer [1004] received 'have' message from [1003] for the piece: 2.
22/12/06 19:59:10: Peer [1004] received 'have' message from [1003] for the piece: 0.
22/12/06 19:59:10: Peer [1004] received 'have' message from [1003] for the piece: 5.
22/12/06 19:59:10: Peer [1004] is unchoked by [1003].
22/12/06 19:59:10: Peer [1004] has downloaded the piece 2 from [1003]. Now the number of pieces it has is : 4.
22/12/06 19:59:10: Peer [1004] received the 'not interested' message from [1001].
22/12/06 19:59:10: Peer [1004] received the 'not interested' message from [1002].
22/12/06 19:59:10: Peer [1004] has downloaded the piece 8 from [1003]. Now the number of pieces it has is : 5.
22/12/06 19:59:10: Peer [1004] received the 'interested' message from [1003].
22/12/06 19:59:10: Peer [1004] has downloaded the piece 0 from [1003]. Now the number of pieces it has is : 6.
22/12/06 19:59:10: Peer [1004] received the 'not interested' message from [1001].
22/12/06 19:59:10: Peer [1004] received the 'interested' message from [1003].
22/12/06 19:59:10: Peer [1004] received the 'not interested' message from [1002].
22/12/06 19:59:10: Peer [1004] received the 'not interested' message from [1002].
22/12/06 19:59:10: Peer [1004] received the 'not interested' message from [1001].
22/12/06 19:59:10: Peer [1004] has downloaded the piece 4 from [1003]. Now the number of pieces it has is : 7.
22/12/06 19:59:10: Peer [1004] received the 'not interested' message from [1001].
22/12/06 19:59:10: Peer [1004] received the 'interested' message from [1003].
22/12/06 19:59:10: Peer [1004] received the 'not interested' message from [1002].
22/12/06 19:59:10: Peer [1004] has downloaded the piece 10 from [1003]. Now the number of pieces it has is : 8.
22/12/06 19:59:10: Peer [1004] received the 'interested' message from [1003].
22/12/06 19:59:10: Peer [1004] has downloaded the piece 11 from [1003]. Now the number of pieces it has is : 9.
22/12/06 19:59:10: Peer [1004] received the 'not interested' message from [1001].
22/12/06 19:59:10: Peer [1004] received the 'not interested' message from [1002].
22/12/06 19:59:10: Peer [1004] received the 'interested' message from [1003].
22/12/06 19:59:10: Peer [1004] has downloaded the piece 5 from [1003]. Now the number of pieces it has is : 10.
22/12/06 19:59:10: Peer [1004] received the 'not interested' message from [1001].
22/12/06 19:59:10: Peer [1004] received the 'not interested' message from [1002].
22/12/06 19:59:10: Peer [1004] received the 'interested' message from [1003].
22/12/06 19:59:10: Peer [1004] received the 'not interested' message from [1001].
22/12/06 19:59:10: Peer [1004] has downloaded the piece 6 from [1003]. Now the number of pieces it has is : 11.
22/12/06 19:59:10: Peer [1004] received the 'interested' message from [1003].
22/12/06 19:59:10: Peer [1004] received the 'not interested' message from [1001].
22/12/06 19:59:10: Peer [1004] received the 'not interested' message from [1002].
22/12/06 19:59:10: Peer [1004] received the 'not interested' message from [1002].
22/12/06 19:59:10: Peer [1004] received the 'interested' message from [1003].
22/12/06 19:59:14: Peer [1004] received 'have' message from [1003] for the piece: 1.
22/12/06 19:59:14: Peer [1004] received 'have' message from [1003] for the piece: 9.
22/12/06 19:59:14: Peer [1004] received 'have' message from [1003] for the piece: 12.
22/12/06 19:59:15: Peer [1004] is unchoked by [1002].
22/12/06 19:59:15: Peer [1004] has downloaded the piece 12 from [1002]. Now the number of pieces it has is : 12.
22/12/06 19:59:15: Peer [1004] received the 'not interested' message from [1001].
22/12/06 19:59:15: Peer [1004] has downloaded the piece 13 from [1002]. Now the number of pieces it has is : 13.
22/12/06 19:59:15: Peer [1004] received the 'not interested' message from [1003].
22/12/06 19:59:15: Peer [1004] received the 'not interested' message from [1002].
22/12/06 19:59:15: Peer [1004] has downloaded the piece 1 from [1002]. Now the number of pieces it has is : 14.
22/12/06 19:59:15: Peer [1004] received the 'not interested' message from [1001].
22/12/06 19:59:15: Peer [1004] has downloaded complete file 
22/12/06 19:59:15: Peer [1004] received the 'interested' message from [1003].
22/12/06 19:59:15: Peer [1004] received the 'not interested' message from [1002].
22/12/06 19:59:15: Peer [1004] received the 'not interested' message from [1001].
22/12/06 19:59:15: Peer [1004] received the 'not interested' message from [1002].
22/12/06 19:59:15: Peer [1004] received the 'interested' message from [1003].
22/12/06 19:59:15: Peer [1004] is unchoked by [1002].
22/12/06 19:59:19: Peer [1004] received 'have' message from [1003] for the piece: 13.

22/12/07 00:27:09: Peer [1004] received the 'not interested' message from [1001].

22/12/07 00:27:09: Peer [1004] received the 'not interested' message from [1002].

22/12/07 00:27:09: Peer [1004] received the 'not interested' message from [1003].
22/12/07 00:27:09: Peer [1004] received 'have' message from [1003] for the piece: 7.
22/12/07 00:27:10: Peer [1004] is unchoked by [1002].
22/12/07 00:27:10: Peer [1004] has downloaded the piece 9 from [1002]. Now the number of pieces it has is : 1.
22/12/07 00:27:10: Peer [1004] has downloaded the piece 0 from [1002]. Now the number of pieces it has is : 2.
22/12/07 00:27:10: Peer [1004] received the 'not interested' message from [1001].
22/12/07 00:27:10: Peer [1004] received the 'not interested' message from [1003].
22/12/07 00:27:10: Peer [1004] received the 'not interested' message from [1001].
22/12/07 00:27:10: Peer [1004] received the 'not interested' message from [1002].
22/12/07 00:27:10: Peer [1004] has downloaded the piece 11 from [1002]. Now the number of pieces it has is : 3.
22/12/07 00:27:10: Peer [1004] received the 'not interested' message from [1003].
22/12/07 00:27:10: Peer [1004] received the 'not interested' message from [1001].
22/12/07 00:27:10: Peer [1004] received the 'not interested' message from [1002].
22/12/07 00:27:10: Peer [1004] received the 'not interested' message from [1003].
22/12/07 00:27:10: Peer [1004] received the 'not interested' message from [1002].
22/12/07 00:27:13: Peer [1004] is unchoked by [1003].
22/12/07 00:27:13: Peer [1004] has downloaded the piece 2 from [1003]. Now the number of pieces it has is : 4.
22/12/07 00:27:13: Peer [1004] has downloaded the piece 12 from [1003]. Now the number of pieces it has is : 5.
22/12/07 00:27:13: Peer [1004] received the 'not interested' message from [1001].
22/12/07 00:27:13: Peer [1004] received the 'not interested' message from [1002].
22/12/07 00:27:13: Peer [1004] received the 'not interested' message from [1003].
22/12/07 00:27:13: Peer [1004] has downloaded the piece 7 from [1003]. Now the number of pieces it has is : 6.
22/12/07 00:27:13: Peer [1004] received the 'not interested' message from [1001].
22/12/07 00:27:13: Peer [1004] received the 'not interested' message from [1001].
22/12/07 00:27:13: Peer [1004] received the 'not interested' message from [1002].
22/12/07 00:27:13: Peer [1004] received the 'not interested' message from [1003].
22/12/07 00:27:13: Peer [1004] received the 'not interested' message from [1003].
22/12/07 00:27:13: Peer [1004] received the 'not interested' message from [1002].
22/12/07 00:27:13: Peer [1004] is unchoked by [1001].
22/12/07 00:27:13: Peer [1004] has downloaded the piece 5 from [1001]. Now the number of pieces it has is : 7.
22/12/07 00:27:13: Peer [1004] has downloaded the piece 8 from [1001]. Now the number of pieces it has is : 8.
22/12/07 00:27:13: Peer [1004] received the 'not interested' message from [1002].
22/12/07 00:27:13: Peer [1004] received the 'not interested' message from [1001].
22/12/07 00:27:13: Peer [1004] received the 'not interested' message from [1003].
22/12/07 00:27:13: Peer [1004] received the 'not interested' message from [1002].
22/12/07 00:27:13: Peer [1004] received the 'not interested' message from [1003].
22/12/07 00:27:13: Peer [1004] has downloaded the piece 6 from [1001]. Now the number of pieces it has is : 9.
22/12/07 00:27:13: Peer [1004] received the 'not interested' message from [1001].
22/12/07 00:27:13: Peer [1004] received the 'not interested' message from [1001].
22/12/07 00:27:13: Peer [1004] received the 'not interested' message from [1003].
22/12/07 00:27:13: Peer [1004] received the 'not interested' message from [1002].
22/12/07 00:27:15: Peer [1004] is unchoked by [1003].
22/12/07 00:27:15: Peer [1004] has downloaded the piece 3 from [1003]. Now the number of pieces it has is : 10.
22/12/07 00:27:15: Peer [1004] received the 'not interested' message from [1001].
22/12/07 00:27:15: Peer [1004] has downloaded the piece 4 from [1003]. Now the number of pieces it has is : 11.
22/12/07 00:27:15: Peer [1004] received the 'not interested' message from [1002].
22/12/07 00:27:15: Peer [1004] received the 'not interested' message from [1003].
22/12/07 00:27:15: Peer [1004] received the 'not interested' message from [1001].
22/12/07 00:27:15: Peer [1004] received the 'not interested' message from [1002].
22/12/07 00:27:15: Peer [1004] has downloaded the piece 13 from [1003]. Now the number of pieces it has is : 12.
22/12/07 00:27:15: Peer [1004] received the 'not interested' message from [1003].
22/12/07 00:27:15: Peer [1004] received the 'not interested' message from [1001].
22/12/07 00:27:15: Peer [1004] received the 'not interested' message from [1002].
22/12/07 00:27:15: Peer [1004] received the 'not interested' message from [1003].
22/12/07 00:27:15: Peer [1004] received 'have' message from [1001] for the piece: 10.
22/12/07 00:27:16: Peer [1004] is unchoked by [1002].
22/12/07 00:27:16: Peer [1004] has downloaded the piece 10 from [1002]. Now the number of pieces it has is : 13.
22/12/07 00:27:16: Peer [1004] has downloaded the piece 1 from [1002]. Now the number of pieces it has is : 14.
22/12/07 00:27:16: Peer [1004] has downloaded complete file 
22/12/07 00:27:16: Peer [1004] received the 'interested' message from [1003].
22/12/07 00:27:16: Peer [1004] received the 'not interested' message from [1001].

22/12/07 00:27:16: Peer [1004] received the 'not interested' message from [1002].
22/12/07 00:27:16: Peer [1004] received the 'not interested' message from [1001].
22/12/07 00:27:16: Peer [1004] received the 'not interested' message from [1002].
22/12/07 00:27:16: Peer [1004] received 'have' message from [1003] for the piece: 10.

22/12/07 00:35:11: Peer [1004] received 'have' message from [1001] for the piece: 13.
22/12/07 00:35:11: Peer [1004] received 'have' message from [1001] for the piece: 11.
22/12/07 00:35:11: Peer [1004] received the 'not interested' message from [1001].

22/12/07 00:35:11: Peer [1004] received the 'not interested' message from [1002].

22/12/07 00:35:11: Peer [1004] received the 'not interested' message from [1003].
22/12/07 00:35:11: Peer [1004] is unchoked by [1003].
22/12/07 00:35:11: Peer [1004] has downloaded the piece 6 from [1003]. Now the number of pieces it has is : 1.
22/12/07 00:35:11: Peer [1004] has downloaded the piece 12 from [1003]. Now the number of pieces it has is : 2.
22/12/07 00:35:11: Peer [1004] received the 'not interested' message from [1002].
22/12/07 00:35:11: Peer [1004] received the 'not interested' message from [1001].
22/12/07 00:35:11: Peer [1004] received the 'not interested' message from [1003].
22/12/07 00:35:11: Peer [1004] has downloaded the piece 0 from [1003]. Now the number of pieces it has is : 3.
22/12/07 00:35:11: Peer [1004] received the 'not interested' message from [1001].
22/12/07 00:35:11: Peer [1004] received the 'not interested' message from [1003].
22/12/07 00:35:11: Peer [1004] received the 'not interested' message from [1002].
22/12/07 00:35:11: Peer [1004] received the 'not interested' message from [1001].
22/12/07 00:35:11: Peer [1004] received the 'not interested' message from [1002].
22/12/07 00:35:11: Peer [1004] received the 'not interested' message from [1003].
22/12/07 00:35:13: Peer [1004] is unchoked by [1001].
22/12/07 00:35:13: Peer [1004] has downloaded the piece 3 from [1001]. Now the number of pieces it has is : 4.
22/12/07 00:35:13: Peer [1004] has downloaded the piece 11 from [1001]. Now the number of pieces it has is : 5.
22/12/07 00:35:13: Peer [1004] received the 'not interested' message from [1001].
22/12/07 00:35:13: Peer [1004] received the 'not interested' message from [1003].

22/12/07 00:35:13: Peer [1004] has downloaded the piece 13 from [1001]. Now the number of pieces it has is : 6.
22/12/07 00:35:13: Peer [1004] received the 'interested' message from [1003].
22/12/07 00:35:13: Peer [1004] received the 'not interested' message from [1002].
22/12/07 00:35:13: Peer [1004] received the 'not interested' message from [1002].
22/12/07 00:35:13: Peer [1004] received the 'not interested' message from [1002].
22/12/07 00:35:13: Peer [1004] received the 'not interested' message from [1001].
22/12/07 00:35:13: Peer [1004] received the 'not interested' message from [1001].
22/12/07 00:35:13: Peer [1004] received the 'interested' message from [1003].
22/12/07 00:35:13: Peer [1004] received 'have' message from [1003] for the piece: 11.
22/12/07 00:35:13: Peer [1004] received 'have' message from [1003] for the piece: 13.
22/12/07 00:35:16: Peer [1004] received 'have' message from [1003] for the piece: 7.
22/12/07 00:35:16: Peer [1004] received 'have' message from [1003] for the piece: 10.
22/12/07 00:35:16: Peer [1004] received 'have' message from [1003] for the piece: 5.
22/12/07 00:35:18: Peer [1004] received 'have' message from [1003] for the piece: 1.
22/12/07 00:35:18: Peer [1004] received 'have' message from [1003] for the piece: 9.
22/12/07 00:35:18: Peer [1004] received 'have' message from [1003] for the piece: 2.
22/12/07 00:35:26: Peer [1004] is unchoked by [1003].
22/12/07 00:35:26: Peer [1004] has downloaded the piece 4 from [1003]. Now the number of pieces it has is : 7.
22/12/07 00:35:26: Peer [1004] received the 'not interested' message from [1001].
22/12/07 00:35:26: Peer [1004] received the 'not interested' message from [1002].
22/12/07 00:35:26: Peer [1004] has downloaded the piece 9 from [1003]. Now the number of pieces it has is : 8.
22/12/07 00:35:26: Peer [1004] received the 'not interested' message from [1003].
22/12/07 00:35:26: Peer [1004] received the 'not interested' message from [1001].
22/12/07 00:35:26: Peer [1004] has downloaded the piece 5 from [1003]. Now the number of pieces it has is : 9.
22/12/07 00:35:26: Peer [1004] received the 'not interested' message from [1002].
22/12/07 00:35:26: Peer [1004] received the 'not interested' message from [1003].
22/12/07 00:35:26: Peer [1004] received the 'not interested' message from [1003].
22/12/07 00:35:26: Peer [1004] received the 'not interested' message from [1001].
22/12/07 00:35:26: Peer [1004] received the 'not interested' message from [1002].
22/12/07 00:35:28: Peer [1004] is unchoked by [1001].
22/12/07 00:35:28: Peer [1004] has downloaded the piece 10 from [1001]. Now the number of pieces it has is : 10.
22/12/07 00:35:28: Peer [1004] has downloaded the piece 8 from [1001]. Now the number of pieces it has is : 11.
22/12/07 00:35:28: Peer [1004] received the 'not interested' message from [1001].
22/12/07 00:35:28: Peer [1004] has downloaded the piece 7 from [1001]. Now the number of pieces it has is : 12.
22/12/07 00:35:28: Peer [1004] received the 'not interested' message from [1002].
22/12/07 00:35:28: Peer [1004] received the 'not interested' message from [1002].
22/12/07 00:35:28: Peer [1004] received the 'not interested' message from [1003].
22/12/07 00:35:28: Peer [1004] received the 'not interested' message from [1003].
22/12/07 00:35:28: Peer [1004] received the 'not interested' message from [1001].
22/12/07 00:35:28: Peer [1004] received the 'not interested' message from [1001].
22/12/07 00:35:28: Peer [1004] received the 'not interested' message from [1003].
22/12/07 00:35:28: Peer [1004] received the 'not interested' message from [1002].
22/12/07 00:35:30: Peer [1004] is unchoked by [1003].
22/12/07 00:35:30: Peer [1004] has downloaded the piece 1 from [1003]. Now the number of pieces it has is : 13.
22/12/07 00:35:30: Peer [1004] received the 'not interested' message from [1001].
22/12/07 00:35:30: Peer [1004] has downloaded the piece 2 from [1003]. Now the number of pieces it has is : 14.
22/12/07 00:35:30: Peer [1004] received the 'not interested' message from [1002].
22/12/07 00:35:30: Peer [1004] has downloaded complete file 
22/12/07 00:35:30: Peer [1004] received the 'not interested' message from [1002].
22/12/07 00:35:30: Peer [1004] received the 'not interested' message from [1001].

22/12/07 00:41:37: Peer [1004] received the 'not interested' message from [1001].

22/12/07 00:41:37: Peer [1004] received the 'not interested' message from [1002].

22/12/07 00:41:37: Peer [1004] received the 'not interested' message from [1003].
22/12/07 00:41:37: Peer [1004] is unchoked by [1003].
22/12/07 00:41:37: Peer [1004] has downloaded the piece 9 from [1003]. Now the number of pieces it has is : 1.
22/12/07 00:41:38: Peer [1004] received the 'not interested' message from [1002].
22/12/07 00:41:38: Peer [1004] received the 'not interested' message from [1001].
22/12/07 00:41:38: Peer [1004] has downloaded the piece 4 from [1003]. Now the number of pieces it has is : 2.
22/12/07 00:41:38: Peer [1004] received the 'not interested' message from [1003].
22/12/07 00:41:38: Peer [1004] has downloaded the piece 3 from [1003]. Now the number of pieces it has is : 3.
22/12/07 00:41:38: Peer [1004] received the 'not interested' message from [1002].
22/12/07 00:41:38: Peer [1004] received the 'not interested' message from [1001].
22/12/07 00:41:38: Peer [1004] received the 'not interested' message from [1001].
22/12/07 00:41:38: Peer [1004] received the 'not interested' message from [1003].
22/12/07 00:41:38: Peer [1004] received the 'not interested' message from [1002].
22/12/07 00:41:38: Peer [1004] received the 'not interested' message from [1003].
22/12/07 00:41:40: Peer [1004] is unchoked by [1001].
22/12/07 00:41:40: Peer [1004] has downloaded the piece 1 from [1001]. Now the number of pieces it has is : 4.
22/12/07 00:41:40: Peer [1004] has downloaded the piece 12 from [1001]. Now the number of pieces it has is : 5.
22/12/07 00:41:40: Peer [1004] received the 'not interested' message from [1002].
22/12/07 00:41:40: Peer [1004] received the 'not interested' message from [1003].
22/12/07 00:41:40: Peer [1004] received the 'not interested' message from [1001].
22/12/07 00:41:40: Peer [1004] has downloaded the piece 5 from [1001]. Now the number of pieces it has is : 6.
22/12/07 00:41:40: Peer [1004] received the 'not interested' message from [1002].
22/12/07 00:41:40: Peer [1004] received the 'not interested' message from [1003].
22/12/07 00:41:40: Peer [1004] received the 'not interested' message from [1001].
22/12/07 00:41:40: Peer [1004] received the 'not interested' message from [1001].
22/12/07 00:41:40: Peer [1004] received the 'not interested' message from [1002].
22/12/07 00:41:40: Peer [1004] received the 'not interested' message from [1003].
22/12/07 00:41:42: Peer [1004] is unchoked by [1002].
22/12/07 00:41:42: Peer [1004] has downloaded the piece 11 from [1002]. Now the number of pieces it has is : 7.
22/12/07 00:41:42: Peer [1004] has downloaded the piece 8 from [1002]. Now the number of pieces it has is : 8.

22/12/07 00:41:42: Peer [1004] received the 'interested' message from [1003].
22/12/07 00:41:42: Peer [1004] received the 'interested' message from [1001].
22/12/07 00:41:42: Peer [1004] received the 'not interested' message from [1002].
22/12/07 00:41:42: Peer [1004] has downloaded the piece 7 from [1002]. Now the number of pieces it has is : 9.
22/12/07 00:41:42: Peer [1004] received the 'not interested' message from [1002].
22/12/07 00:41:42: Peer [1004] received the 'not interested' message from [1002].
22/12/07 00:41:42: Peer [1004] received the 'interested' message from [1003].
22/12/07 00:41:42: Peer [1004] received the 'interested' message from [1003].
22/12/07 00:41:42: Peer [1004] received the 'interested' message from [1001].
22/12/07 00:41:42: Peer [1004] received the 'interested' message from [1001].
22/12/07 00:41:42: Peer [1004] received 'have' message from [1001] for the piece: 11.
22/12/07 00:41:42: Peer [1004] received 'have' message from [1001] for the piece: 7.
22/12/07 00:41:42: Peer [1004] received 'have' message from [1001] for the piece: 8.
22/12/07 00:41:42: Peer [1004] is unchoked by [1002].
22/12/07 00:41:42: Peer [1004] has downloaded the piece 10 from [1002]. Now the number of pieces it has is : 10.
22/12/07 00:41:42: Peer [1004] has downloaded the piece 6 from [1002]. Now the number of pieces it has is : 11.
22/12/07 00:41:42: Peer [1004] received the 'not interested' message from [1002].
22/12/07 00:41:42: Peer [1004] has downloaded the piece 0 from [1002]. Now the number of pieces it has is : 12.
22/12/07 00:41:42: Peer [1004] received the 'not interested' message from [1002].
22/12/07 00:41:42: Peer [1004] received the 'interested' message from [1003].
22/12/07 00:41:42: Peer [1004] received the 'interested' message from [1003].
22/12/07 00:41:42: Peer [1004] received the 'interested' message from [1001].
22/12/07 00:41:42: Peer [1004] received the 'not interested' message from [1002].
22/12/07 00:41:42: Peer [1004] received the 'interested' message from [1001].
22/12/07 00:41:42: Peer [1004] received the 'interested' message from [1003].
22/12/07 00:41:42: Peer [1004] received the 'interested' message from [1001].
22/12/07 00:41:42: Peer [1004] received 'have' message from [1003] for the piece: 8.
22/12/07 00:41:42: Peer [1004] received 'have' message from [1003] for the piece: 10.
22/12/07 00:41:42: Peer [1004] is choked by [1003].
22/12/07 00:41:42: Peer [1004] received 'have' message from [1003] for the piece: 6.
22/12/07 00:41:42: Peer [1004] received 'have' message from [1001] for the piece: 10.
22/12/07 00:41:47: Peer [1004] is unchoked by [1002].
22/12/07 00:41:47: Peer [1004] has downloaded the piece 13 from [1002]. Now the number of pieces it has is : 13.
22/12/07 00:41:47: Peer [1004] has downloaded the piece 2 from [1002]. Now the number of pieces it has is : 14.
22/12/07 00:41:47: Peer [1004] has downloaded complete file 
22/12/07 00:41:47: Peer [1004] received the 'interested' message from [1001].
22/12/07 00:41:47: Peer [1004] received the 'interested' message from [1003].
22/12/07 00:41:47: Peer [1004] received the 'interested' message from [1001].
22/12/07 00:41:47: Peer [1004] received the 'not interested' message from [1002].
22/12/07 00:41:47: Peer [1004] received the 'not interested' message from [1002].
22/12/07 00:41:47: Peer [1004] received the 'interested' message from [1003].
22/12/07 00:41:47: Peer [1004] received 'have' message from [1003] for the piece: 11.
22/12/07 00:41:47: Peer [1004] received 'have' message from [1003] for the piece: 7.
22/12/07 00:41:47: Peer [1004] received 'have' message from [1003] for the piece: 2.
22/12/07 00:41:52: Peer [1004] is unchoked by [1002].
22/12/07 00:41:57: Peer [1004] is unchoked by [1002].

22/12/07 00:41:57: Peer [1004] received 'have' message from [1003] for the piece: 13.
22/12/07 00:41:57: Peer [1004] received 'have' message from [1003] for the piece: 0.
22/12/07 00:41:57: Peer [1004] received 'have' message from [1001] for the piece: 0.
22/12/07 00:41:57: Peer [1004] received 'have' message from [1003] for the piece: 0.

22/12/07 00:47:10: Peer [1004] received the 'not interested' message from [1001].

22/12/07 00:47:10: Peer [1004] received the 'not interested' message from [1002].

22/12/07 00:47:10: Peer [1004] received the 'not interested' message from [1003].
22/12/07 00:47:10: Peer [1004] is unchoked by [1001].
22/12/07 00:47:10: Peer [1004] has downloaded the piece 1 from [1001]. Now the number of pieces it has is : 1.
22/12/07 00:47:10: Peer [1004] has downloaded the piece 7 from [1001]. Now the number of pieces it has is : 2.
22/12/07 00:47:10: Peer [1004] received the 'not interested' message from [1001].
22/12/07 00:47:10: Peer [1004] has downloaded the piece 6 from [1001]. Now the number of pieces it has is : 3.
22/12/07 00:47:10: Peer [1004] received the 'not interested' message from [1003].
22/12/07 00:47:10: Peer [1004] received the 'not interested' message from [1003].
22/12/07 00:47:10: Peer [1004] received the 'not interested' message from [1002].
22/12/07 00:47:10: Peer [1004] received the 'not interested' message from [1002].
22/12/07 00:47:10: Peer [1004] received the 'not interested' message from [1001].
22/12/07 00:47:10: Peer [1004] received the 'not interested' message from [1001].
22/12/07 00:47:10: Peer [1004] received the 'not interested' message from [1002].
22/12/07 00:47:10: Peer [1004] received the 'not interested' message from [1003].
22/12/07 00:47:12: Peer [1004] received 'have' message from [1001] for the piece: 4.
22/12/07 00:47:12: Peer [1004] received 'have' message from [1001] for the piece: 0.
22/12/07 00:47:12: Peer [1004] received 'have' message from [1001] for the piece: 8.
22/12/07 00:47:12: Peer [1004] received 'have' message from [1003] for the piece: 8.
22/12/07 00:47:12: Peer [1004] received 'have' message from [1003] for the piece: 0.
22/12/07 00:47:12: Peer [1004] received 'have' message from [1003] for the piece: 2.
22/12/07 00:47:13: Peer [1004] received 'have' message from [1001] for the piece: 2.
22/12/07 00:47:17: Peer [1004] is unchoked by [1002].
22/12/07 00:47:17: Peer [1004] has downloaded the piece 8 from [1002]. Now the number of pieces it has is : 4.
22/12/07 00:47:17: Peer [1004] has downloaded the piece 0 from [1002]. Now the number of pieces it has is : 5.
22/12/07 00:47:17: Peer [1004] received the 'not interested' message from [1003].
22/12/07 00:47:17: Peer [1004] received the 'not interested' message from [1001].
22/12/07 00:47:17: Peer [1004] received the 'not interested' message from [1001].
22/12/07 00:47:17: Peer [1004] received the 'not interested' message from [1003].
22/12/07 00:47:17: Peer [1004] received the 'not interested' message from [1002].
22/12/07 00:47:17: Peer [1004] has downloaded the piece 2 from [1002]. Now the number of pieces it has is : 6.
22/12/07 00:47:17: Peer [1004] received the 'not interested' message from [1002].
22/12/07 00:47:17: Peer [1004] received the 'not interested' message from [1002].
22/12/07 00:47:17: Peer [1004] received the 'not interested' message from [1001].
22/12/07 00:47:17: Peer [1004] received the 'not interested' message from [1003].
22/12/07 00:47:19: Peer [1004] received 'have' message from [1003] for the piece: 4.
22/12/07 00:47:22: Peer [1004] is unchoked by [1003].
22/12/07 00:47:22: Peer [1004] has downloaded the piece 5 from [1003]. Now the number of pieces it has is : 7.
22/12/07 00:47:22: Peer [1004] has downloaded the piece 3 from [1003]. Now the number of pieces it has is : 8.
22/12/07 00:47:22: Peer [1004] received the 'not interested' message from [1003].
22/12/07 00:47:22: Peer [1004] received the 'not interested' message from [1001].
22/12/07 00:47:22: Peer [1004] received the 'not interested' message from [1001].
22/12/07 00:47:22: Peer [1004] received the 'not interested' message from [1002].
22/12/07 00:47:22: Peer [1004] has downloaded the piece 10 from [1003]. Now the number of pieces it has is : 9.
22/12/07 00:47:22: Peer [1004] received the 'not interested' message from [1002].
22/12/07 00:47:22: Peer [1004] received the 'not interested' message from [1003].
22/12/07 00:47:22: Peer [1004] received the 'not interested' message from [1001].
22/12/07 00:47:22: Peer [1004] received the 'not interested' message from [1002].
22/12/07 00:47:22: Peer [1004] received the 'not interested' message from [1003].
22/12/07 00:47:22: Peer [1004] received 'have' message from [1003] for the piece: 9.
22/12/07 00:47:34: Peer [1004] is unchoked by [1001].
22/12/07 00:47:34: Peer [1004] has downloaded the piece 11 from [1001]. Now the number of pieces it has is : 10.
22/12/07 00:47:34: Peer [1004] has downloaded the piece 4 from [1001]. Now the number of pieces it has is : 11.
22/12/07 00:47:34: Peer [1004] received the 'not interested' message from [1001].
22/12/07 00:47:34: Peer [1004] has downloaded the piece 12 from [1001]. Now the number of pieces it has is : 12.
22/12/07 00:47:34: Peer [1004] received the 'not interested' message from [1001].
22/12/07 00:47:34: Peer [1004] received the 'not interested' message from [1001].
22/12/07 00:47:34: Peer [1004] received the 'not interested' message from [1003].
22/12/07 00:47:34: Peer [1004] received the 'not interested' message from [1003].
22/12/07 00:47:34: Peer [1004] received the 'not interested' message from [1002].
22/12/07 00:47:34: Peer [1004] received the 'not interested' message from [1002].
22/12/07 00:47:34: Peer [1004] received the 'not interested' message from [1002].
22/12/07 00:47:34: Peer [1004] received the 'not interested' message from [1003].
22/12/07 00:47:37: Peer [1004] is unchoked by [1003].
22/12/07 00:47:37: Peer [1004] has downloaded the piece 13 from [1003]. Now the number of pieces it has is : 13.
22/12/07 00:47:37: Peer [1004] received the 'not interested' message from [1001].
22/12/07 00:47:37: Peer [1004] received the 'not interested' message from [1002].
22/12/07 00:47:37: Peer [1004] has downloaded the piece 9 from [1003]. Now the number of pieces it has is : 14.
22/12/07 00:47:37: Peer [1004] has downloaded complete file 
22/12/07 00:47:37: Peer [1004] received the 'not interested' message from [1002].
22/12/07 00:47:37: Peer [1004] received the 'not interested' message from [1003].
22/12/07 00:47:37: Peer [1004] received the 'interested' message from [1001].
22/12/07 00:47:37: Peer [1004] received the 'not interested' message from [1003].

22/12/07 00:47:37: Peer [1004] received 'have' message from [1001] for the piece: 9.

22/12/07 01:00:24: Peer [1004] received the 'not interested' message from [1001].


22/12/07 01:00:24: Peer [1004] received the 'not interested' message from [1002].
22/12/07 01:00:24: Peer [1004] received the 'not interested' message from [1003].
22/12/07 01:00:27: Peer [1004] received 'have' message from [1003] for the piece: 3.
22/12/07 01:00:27: Peer [1004] received 'have' message from [1003] for the piece: 0.
22/12/07 01:00:27: Peer [1004] received 'have' message from [1003] for the piece: 13.
22/12/07 01:00:27: Peer [1004] received 'have' message from [1003] for the piece: 6.
22/12/07 01:00:27: Peer [1004] received 'have' message from [1003] for the piece: 5.
22/12/07 01:00:27: Peer [1004] received 'have' message from [1003] for the piece: 8.
22/12/07 01:00:32: Peer [1004] is unchoked by [1002].
22/12/07 01:00:32: Peer [1004] has downloaded the piece 12 from [1002]. Now the number of pieces it has is : 1.
22/12/07 01:00:32: Peer [1004] has downloaded the piece 4 from [1002]. Now the number of pieces it has is : 2.
22/12/07 01:00:32: Peer [1004] received the 'not interested' message from [1001].
22/12/07 01:00:32: Peer [1004] received the 'not interested' message from [1003].
22/12/07 01:00:32: Peer [1004] received the 'not interested' message from [1002].
22/12/07 01:00:32: Peer [1004] received the 'not interested' message from [1001].
22/12/07 01:00:32: Peer [1004] received the 'not interested' message from [1003].
22/12/07 01:00:32: Peer [1004] has downloaded the piece 8 from [1002]. Now the number of pieces it has is : 3.
22/12/07 01:00:32: Peer [1004] received the 'not interested' message from [1002].
22/12/07 01:00:32: Peer [1004] received the 'not interested' message from [1002].
22/12/07 01:00:32: Peer [1004] received the 'interested' message from [1001].
22/12/07 01:00:32: Peer [1004] received the 'not interested' message from [1003].

22/12/07 01:00:32: Peer [1004] received 'have' message from [1001] for the piece: 8.
22/12/07 01:00:33: Peer [1004] received 'have' message from [1003] for the piece: 2.
22/12/07 01:00:37: Peer [1004] received 'have' message from [1001] for the piece: 6.
22/12/07 01:00:37: Peer [1004] received 'have' message from [1001] for the piece: 0.
22/12/07 01:00:37: Peer [1004] received 'have' message from [1001] for the piece: 5.
22/12/07 01:00:37: Peer [1004] received 'have' message from [1003] for the piece: 10.

22/12/07 01:00:48: Peer [1004] is unchoked by [1001].
22/12/07 01:00:48: Peer [1004] has downloaded the piece 13 from [1001]. Now the number of pieces it has is : 4.
22/12/07 01:00:48: Peer [1004] has downloaded the piece 2 from [1001]. Now the number of pieces it has is : 5.
22/12/07 01:00:48: Peer [1004] received the 'not interested' message from [1001].
22/12/07 01:00:48: Peer [1004] received the 'not interested' message from [1003].
22/12/07 01:00:48: Peer [1004] has downloaded the piece 5 from [1001]. Now the number of pieces it has is : 6.
22/12/07 01:00:48: Peer [1004] received the 'not interested' message from [1002].
22/12/07 01:00:48: Peer [1004] received the 'not interested' message from [1003].
22/12/07 01:00:48: Peer [1004] received the 'not interested' message from [1002].
22/12/07 01:00:48: Peer [1004] received the 'not interested' message from [1001].
22/12/07 01:00:48: Peer [1004] received the 'not interested' message from [1001].
22/12/07 01:00:48: Peer [1004] received the 'not interested' message from [1002].
22/12/07 01:00:48: Peer [1004] received the 'not interested' message from [1003].
22/12/07 01:00:52: Peer [1004] is unchoked by [1003].
22/12/07 01:00:52: Peer [1004] has downloaded the piece 1 from [1003]. Now the number of pieces it has is : 7.
22/12/07 01:00:52: Peer [1004] has downloaded the piece 10 from [1003]. Now the number of pieces it has is : 8.
22/12/07 01:00:52: Peer [1004] received the 'not interested' message from [1001].
22/12/07 01:00:52: Peer [1004] received the 'not interested' message from [1002].
22/12/07 01:00:52: Peer [1004] received the 'not interested' message from [1003].
22/12/07 01:00:52: Peer [1004] received the 'interested' message from [1001].
22/12/07 01:00:52: Peer [1004] has downloaded the piece 6 from [1003]. Now the number of pieces it has is : 9.
22/12/07 01:00:52: Peer [1004] received the 'not interested' message from [1002].
22/12/07 01:00:52: Peer [1004] received the 'not interested' message from [1003].
22/12/07 01:00:52: Peer [1004] received the 'interested' message from [1001].
22/12/07 01:00:52: Peer [1004] received the 'not interested' message from [1002].
22/12/07 01:00:52: Peer [1004] is unchoked by [1002].
22/12/07 01:00:52: Peer [1004] received the 'not interested' message from [1003].
22/12/07 01:00:52: Peer [1004] has downloaded the piece 3 from [1002]. Now the number of pieces it has is : 10.
22/12/07 01:00:52: Peer [1004] received the 'not interested' message from [1003].
22/12/07 01:00:52: Peer [1004] received the 'interested' message from [1001].
22/12/07 01:00:52: Peer [1004] has downloaded the piece 7 from [1002]. Now the number of pieces it has is : 11.
22/12/07 01:00:52: Peer [1004] received the 'not interested' message from [1002].
22/12/07 01:00:52: Peer [1004] received the 'interested' message from [1001].
22/12/07 01:00:52: Peer [1004] has downloaded the piece 0 from [1002]. Now the number of pieces it has is : 12.
22/12/07 01:00:52: Peer [1004] received the 'not interested' message from [1003].
22/12/07 01:00:52: Peer [1004] received the 'not interested' message from [1002].
22/12/07 01:00:52: Peer [1004] received the 'interested' message from [1001].
22/12/07 01:00:52: Peer [1004] received the 'not interested' message from [1002].
22/12/07 01:00:52: Peer [1004] received the 'not interested' message from [1003].
22/12/07 01:00:54: Peer [1004] received 'have' message from [1001] for the piece: 3.
22/12/07 01:00:54: Peer [1004] received 'have' message from [1001] for the piece: 10.
22/12/07 01:00:57: Peer [1004] is unchoked by [1002].
22/12/07 01:00:57: Peer [1004] has downloaded the piece 11 from [1002]. Now the number of pieces it has is : 13.
22/12/07 01:00:57: Peer [1004] has downloaded the piece 9 from [1002]. Now the number of pieces it has is : 14.
22/12/07 01:00:57: Peer [1004] received the 'not interested' message from [1001].
22/12/07 01:00:57: Peer [1004] received the 'not interested' message from [1003].
22/12/07 01:00:57: Peer [1004] has downloaded complete file 
22/12/07 01:00:57: Peer [1004] received the 'not interested' message from [1001].
22/12/07 01:00:57: Peer [1004] received the 'not interested' message from [1003].

22/12/07 01:23:55: Peer [1004] received the 'not interested' message from [1001].

22/12/07 01:23:55: Peer [1004] received the 'not interested' message from [1002].

22/12/07 01:23:55: Peer [1004] received the 'not interested' message from [1003].
22/12/07 01:23:55: Peer [1004] is unchoked by [1003].
22/12/07 01:23:55: Peer [1004] has downloaded the piece 3 from [1003]. Now the number of pieces it has is : 1.
22/12/07 01:23:55: Peer [1004] has downloaded the piece 11 from [1003]. Now the number of pieces it has is : 2.
22/12/07 01:23:55: Peer [1004] received the 'not interested' message from [1001].
22/12/07 01:23:55: Peer [1004] received the 'not interested' message from [1002].
22/12/07 01:23:55: Peer [1004] received the 'not interested' message from [1003].
22/12/07 01:23:55: Peer [1004] has downloaded the piece 5 from [1003]. Now the number of pieces it has is : 3.
22/12/07 01:23:55: Peer [1004] received the 'not interested' message from [1001].
22/12/07 01:23:55: Peer [1004] received the 'not interested' message from [1002].
22/12/07 01:23:55: Peer [1004] received the 'not interested' message from [1003].
22/12/07 01:23:55: Peer [1004] received the 'not interested' message from [1002].
22/12/07 01:23:55: Peer [1004] received the 'not interested' message from [1001].
22/12/07 01:23:55: Peer [1004] received the 'not interested' message from [1003].
22/12/07 01:23:58: Peer [1004] received 'have' message from [1003] for the piece: 0.
22/12/07 01:23:58: Peer [1004] received 'have' message from [1003] for the piece: 6.
22/12/07 01:23:58: Peer [1004] received 'have' message from [1003] for the piece: 9.
22/12/07 01:23:58: Peer [1004] is unchoked by [1003].
22/12/07 01:23:58: Peer [1004] has downloaded the piece 7 from [1003]. Now the number of pieces it has is : 4.
22/12/07 01:23:58: Peer [1004] has downloaded the piece 0 from [1003]. Now the number of pieces it has is : 5.
22/12/07 01:23:58: Peer [1004] received the 'not interested' message from [1002].
22/12/07 01:23:58: Peer [1004] received the 'not interested' message from [1001].
22/12/07 01:23:58: Peer [1004] received the 'not interested' message from [1003].
22/12/07 01:23:58: Peer [1004] received the 'not interested' message from [1001].
22/12/07 01:23:58: Peer [1004] received the 'not interested' message from [1002].
22/12/07 01:23:58: Peer [1004] has downloaded the piece 6 from [1003]. Now the number of pieces it has is : 6.
22/12/07 01:23:58: Peer [1004] received the 'not interested' message from [1001].
22/12/07 01:23:58: Peer [1004] received the 'not interested' message from [1003].
22/12/07 01:23:58: Peer [1004] received the 'not interested' message from [1003].
22/12/07 01:23:58: Peer [1004] received the 'not interested' message from [1002].
22/12/07 01:23:59: Peer [1004] is unchoked by [1002].
22/12/07 01:23:59: Peer [1004] has downloaded the piece 13 from [1002]. Now the number of pieces it has is : 7.
22/12/07 01:23:59: Peer [1004] has downloaded the piece 2 from [1002]. Now the number of pieces it has is : 8.
22/12/07 01:23:59: Peer [1004] received the 'not interested' message from [1003].
22/12/07 01:23:59: Peer [1004] received the 'not interested' message from [1001].
22/12/07 01:23:59: Peer [1004] received the 'not interested' message from [1001].
22/12/07 01:23:59: Peer [1004] received the 'not interested' message from [1002].

22/12/07 01:23:59: Peer [1004] has downloaded the piece 4 from [1002]. Now the number of pieces it has is : 9.
22/12/07 01:23:59: Peer [1004] received the 'interested' message from [1003].
22/12/07 01:23:59: Peer [1004] received the 'not interested' message from [1002].
22/12/07 01:23:59: Peer [1004] received the 'not interested' message from [1001].
22/12/07 01:23:59: Peer [1004] received the 'not interested' message from [1002].
22/12/07 01:23:59: Peer [1004] received the 'interested' message from [1003].
22/12/07 01:23:59: Peer [1004] received 'have' message from [1003] for the piece: 2.
22/12/07 01:23:59: Peer [1004] received 'have' message from [1003] for the piece: 4.
22/12/07 01:24:08: Peer [1004] is unchoked by [1001].
22/12/07 01:24:08: Peer [1004] has downloaded the piece 12 from [1001]. Now the number of pieces it has is : 10.
22/12/07 01:24:08: Peer [1004] has downloaded the piece 1 from [1001]. Now the number of pieces it has is : 11.
22/12/07 01:24:08: Peer [1004] received the 'not interested' message from [1002].
22/12/07 01:24:08: Peer [1004] received the 'not interested' message from [1003].
22/12/07 01:24:08: Peer [1004] received the 'not interested' message from [1001].
22/12/07 01:24:08: Peer [1004] received the 'not interested' message from [1002].
22/12/07 01:24:08: Peer [1004] has downloaded the piece 10 from [1001]. Now the number of pieces it has is : 12.
22/12/07 01:24:08: Peer [1004] received the 'not interested' message from [1001].
22/12/07 01:24:08: Peer [1004] received the 'not interested' message from [1001].
22/12/07 01:24:08: Peer [1004] received the 'not interested' message from [1003].
22/12/07 01:24:08: Peer [1004] received the 'not interested' message from [1002].
22/12/07 01:24:08: Peer [1004] received the 'not interested' message from [1003].
22/12/07 01:24:08: Peer [1004] is unchoked by [1003].
22/12/07 01:24:08: Peer [1004] has downloaded the piece 8 from [1003]. Now the number of pieces it has is : 13.
22/12/07 01:24:08: Peer [1004] has downloaded the piece 9 from [1003]. Now the number of pieces it has is : 14.
22/12/07 01:24:08: Peer [1004] received the 'not interested' message from [1002].
22/12/07 01:24:08: Peer [1004] received the 'not interested' message from [1001].
22/12/07 01:24:08: Peer [1004] has downloaded complete file 
22/12/07 01:24:08: Peer [1004] received the 'not interested' message from [1001].
22/12/07 01:24:08: Peer [1004] received the 'not interested' message from [1002].
